C:\Program Files (x86)\Microsoft Visual Studio\2019\Community\MSBuild\Microsoft\VC\v160\Microsoft.CppBuild.targets(467,5): warning MSB8028: 中间目录(Debug\)包含从另一个项目(ConsoleApplication1.vcxproj, LBP原型机实验.vcxproj)共享的文件。   这会导致错误的清除和重新生成行为。
cl : 命令行 warning D9025: 正在重写“/sdl”(用“/GS-”)
  ConsoleApplication1.cpp
C:\Users\26354\source\repos\LBP图像处理器\LBP图像处理器\functions.h(71,13): warning C4996: 'fopen': This function or variable may be unsafe. Consider using fopen_s instead. To disable deprecation, use _CRT_SECURE_NO_WARNINGS. See online help for details.
C:\Users\26354\source\repos\LBP图像处理器\LBP图像处理器\functions.h(72,5): warning C4996: 'strcpy': This function or variable may be unsafe. Consider using strcpy_s instead. To disable deprecation, use _CRT_SECURE_NO_WARNINGS. See online help for details.
C:\Users\26354\source\repos\LBP图像处理器\LBP图像处理器\functions.h(102,34): warning C4244: “=”: 从“double”转换到“BYTE”，可能丢失数据
C:\Users\26354\source\repos\LBP图像处理器\LBP图像处理器\functions.h(126,17): warning C4996: 'fopen': This function or variable may be unsafe. Consider using fopen_s instead. To disable deprecation, use _CRT_SECURE_NO_WARNINGS. See online help for details.
C:\Users\26354\source\repos\LBP图像处理器\LBP图像处理器\functions.h(317,6): warning C4101: “count”: 未引用的局部变量
C:\Users\26354\source\repos\LBP图像处理器\LBP图像处理器\functions.h(381,6): warning C4101: “power”: 未引用的局部变量
C:\Users\26354\source\repos\LBP图像处理器\LBP图像处理器\functions.h(486,11): warning C4244: “=”: 从“double”转换到“float”，可能丢失数据
C:\Users\26354\source\repos\LBP图像处理器\LBP图像处理器\functions.h(487,11): warning C4244: “=”: 从“double”转换到“float”，可能丢失数据
C:\Users\26354\source\repos\LBP图像处理器\LBP图像处理器\functions.h(470,6): warning C4101: “count”: 未引用的局部变量
C:\Users\26354\source\repos\LBP图像处理器\LBP图像处理器\ConsoleApplication1.cpp(22,2): warning C4996: 'scanf': This function or variable may be unsafe. Consider using scanf_s instead. To disable deprecation, use _CRT_SECURE_NO_WARNINGS. See online help for details.
C:\Users\26354\source\repos\LBP图像处理器\LBP图像处理器\ConsoleApplication1.cpp(24,2): warning C4996: 'scanf': This function or variable may be unsafe. Consider using scanf_s instead. To disable deprecation, use _CRT_SECURE_NO_WARNINGS. See online help for details.
C:\Users\26354\source\repos\LBP图像处理器\LBP图像处理器\ConsoleApplication1.cpp(26,2): warning C4996: 'scanf': This function or variable may be unsafe. Consider using scanf_s instead. To disable deprecation, use _CRT_SECURE_NO_WARNINGS. See online help for details.
C:\Users\26354\source\repos\LBP图像处理器\LBP图像处理器\ConsoleApplication1.cpp(28,2): warning C4996: 'mkdir': The POSIX name for this item is deprecated. Instead, use the ISO C and C++ conformant name: _mkdir. See online help for details.
C:\Users\26354\source\repos\LBP图像处理器\LBP图像处理器\ConsoleApplication1.cpp(40,4): warning C4996: 'fcloseall': The POSIX name for this item is deprecated. Instead, use the ISO C and C++ conformant name: _fcloseall. See online help for details.
C:\Users\26354\source\repos\LBP图像处理器\LBP图像处理器\ConsoleApplication1.cpp(45,15): warning C4996: 'fopen': This function or variable may be unsafe. Consider using fopen_s instead. To disable deprecation, use _CRT_SECURE_NO_WARNINGS. See online help for details.
C:\Users\26354\source\repos\LBP图像处理器\LBP图像处理器\ConsoleApplication1.cpp(61,3): warning C4996: 'strcat': This function or variable may be unsafe. Consider using strcat_s instead. To disable deprecation, use _CRT_SECURE_NO_WARNINGS. See online help for details.
C:\Users\26354\source\repos\LBP图像处理器\LBP图像处理器\ConsoleApplication1.cpp(64,3): warning C4996: 'strcat': This function or variable may be unsafe. Consider using strcat_s instead. To disable deprecation, use _CRT_SECURE_NO_WARNINGS. See online help for details.
C:\Users\26354\source\repos\LBP图像处理器\LBP图像处理器\ConsoleApplication1.cpp(67,15): warning C4996: 'fopen': This function or variable may be unsafe. Consider using fopen_s instead. To disable deprecation, use _CRT_SECURE_NO_WARNINGS. See online help for details.
C:\Users\26354\source\repos\LBP图像处理器\LBP图像处理器\ConsoleApplication1.cpp(83,2): warning C4996: 'fcloseall': The POSIX name for this item is deprecated. Instead, use the ISO C and C++ conformant name: _fcloseall. See online help for details.
  ConsoleApplication1.vcxproj -> C:\Users\26354\source\repos\LBP图像处理器\Debug\LBP图像特征提取器.exe
