cl : 命令行 warning D9025: 正在重写“/sdl”(用“/GS-”)
  LBP图像特征提取器.cpp
C:\Users\26354\source\repos\LBP图像特征提取器\LBP图像特征提取器\functions.h(71,13): warning C4996: 'fopen': This function or variable may be unsafe. Consider using fopen_s instead. To disable deprecation, use _CRT_SECURE_NO_WARNINGS. See online help for details.
C:\Users\26354\source\repos\LBP图像特征提取器\LBP图像特征提取器\functions.h(72,5): warning C4996: 'strcpy': This function or variable may be unsafe. Consider using strcpy_s instead. To disable deprecation, use _CRT_SECURE_NO_WARNINGS. See online help for details.
C:\Users\26354\source\repos\LBP图像特征提取器\LBP图像特征提取器\functions.h(102,34): warning C4244: “=”: 从“double”转换到“BYTE”，可能丢失数据
C:\Users\26354\source\repos\LBP图像特征提取器\LBP图像特征提取器\functions.h(126,17): warning C4996: 'fopen': This function or variable may be unsafe. Consider using fopen_s instead. To disable deprecation, use _CRT_SECURE_NO_WARNINGS. See online help for details.
C:\Users\26354\source\repos\LBP图像特征提取器\LBP图像特征提取器\functions.h(317,6): warning C4101: “count”: 未引用的局部变量
C:\Users\26354\source\repos\LBP图像特征提取器\LBP图像特征提取器\functions.h(381,6): warning C4101: “power”: 未引用的局部变量
C:\Users\26354\source\repos\LBP图像特征提取器\LBP图像特征提取器\functions.h(486,11): warning C4244: “=”: 从“double”转换到“float”，可能丢失数据
C:\Users\26354\source\repos\LBP图像特征提取器\LBP图像特征提取器\functions.h(487,11): warning C4244: “=”: 从“double”转换到“float”，可能丢失数据
C:\Users\26354\source\repos\LBP图像特征提取器\LBP图像特征提取器\functions.h(470,6): warning C4101: “count”: 未引用的局部变量
C:\Users\26354\source\repos\LBP图像特征提取器\LBP图像特征提取器\LBP图像特征提取器.cpp(22,2): warning C4996: 'scanf': This function or variable may be unsafe. Consider using scanf_s instead. To disable deprecation, use _CRT_SECURE_NO_WARNINGS. See online help for details.
C:\Users\26354\source\repos\LBP图像特征提取器\LBP图像特征提取器\LBP图像特征提取器.cpp(24,2): warning C4996: 'scanf': This function or variable may be unsafe. Consider using scanf_s instead. To disable deprecation, use _CRT_SECURE_NO_WARNINGS. See online help for details.
C:\Users\26354\source\repos\LBP图像特征提取器\LBP图像特征提取器\LBP图像特征提取器.cpp(26,2): warning C4996: 'scanf': This function or variable may be unsafe. Consider using scanf_s instead. To disable deprecation, use _CRT_SECURE_NO_WARNINGS. See online help for details.
C:\Users\26354\source\repos\LBP图像特征提取器\LBP图像特征提取器\LBP图像特征提取器.cpp(28,2): warning C4996: 'mkdir': The POSIX name for this item is deprecated. Instead, use the ISO C and C++ conformant name: _mkdir. See online help for details.
C:\Users\26354\source\repos\LBP图像特征提取器\LBP图像特征提取器\LBP图像特征提取器.cpp(40,4): warning C4996: 'fcloseall': The POSIX name for this item is deprecated. Instead, use the ISO C and C++ conformant name: _fcloseall. See online help for details.
C:\Users\26354\source\repos\LBP图像特征提取器\LBP图像特征提取器\LBP图像特征提取器.cpp(45,15): warning C4996: 'fopen': This function or variable may be unsafe. Consider using fopen_s instead. To disable deprecation, use _CRT_SECURE_NO_WARNINGS. See online help for details.
C:\Users\26354\source\repos\LBP图像特征提取器\LBP图像特征提取器\LBP图像特征提取器.cpp(61,3): warning C4996: 'strcat': This function or variable may be unsafe. Consider using strcat_s instead. To disable deprecation, use _CRT_SECURE_NO_WARNINGS. See online help for details.
C:\Users\26354\source\repos\LBP图像特征提取器\LBP图像特征提取器\LBP图像特征提取器.cpp(64,3): warning C4996: 'strcat': This function or variable may be unsafe. Consider using strcat_s instead. To disable deprecation, use _CRT_SECURE_NO_WARNINGS. See online help for details.
C:\Users\26354\source\repos\LBP图像特征提取器\LBP图像特征提取器\LBP图像特征提取器.cpp(67,15): warning C4996: 'fopen': This function or variable may be unsafe. Consider using fopen_s instead. To disable deprecation, use _CRT_SECURE_NO_WARNINGS. See online help for details.
C:\Users\26354\source\repos\LBP图像特征提取器\LBP图像特征提取器\LBP图像特征提取器.cpp(83,2): warning C4996: 'fcloseall': The POSIX name for this item is deprecated. Instead, use the ISO C and C++ conformant name: _fcloseall. See online help for details.
  LBP图像特征提取器.vcxproj -> C:\Users\26354\source\repos\LBP图像特征提取器\Debug\LBP图像特征提取器.exe
